#
# There is insufficient memory for the Java Runtime Environment to continue.
# Native memory allocation (malloc) failed to allocate 32744 bytes for ChunkPool::allocate
# Possible reasons:
#   The system is out of physical RAM or swap space
#   In 32 bit mode, the process size limit was hit
# Possible solutions:
#   Reduce memory load on the system
#   Increase physical memory or swap space
#   Check if swap backing store is full
#   Use 64 bit Java on a 64 bit OS
#   Decrease Java heap size (-Xmx/-Xms)
#   Decrease number of Java threads
#   Decrease Java thread stack sizes (-Xss)
#   Set larger code cache with -XX:ReservedCodeCacheSize=
# This output file may be truncated or incomplete.
#
#  Out of Memory Error (allocation.cpp:273), pid=18788, tid=0x0000000000003ce0
#
# JRE version: Java(TM) SE Runtime Environment (8.0_102-b14) (build 1.8.0_102-b14)
# Java VM: Java HotSpot(TM) 64-Bit Server VM (25.102-b14 mixed mode windows-amd64 compressed oops)
# Failed to write core dump. Minidumps are not enabled by default on client versions of Windows
#

---------------  T H R E A D  ---------------

Current thread (0x000000000266e800):  JavaThread "main" [_thread_in_vm, id=15584, stack(0x0000000000c20000,0x0000000000d20000)]

Stack: [0x0000000000c20000,0x0000000000d20000]
[error occurred during error reporting (printing stack bounds), id 0xc0000005]

Native frames: (J=compiled Java code, j=interpreted, Vv=VM code, C=native code)

Java frames: (J=compiled Java code, j=interpreted, Vv=VM code)
J 695  sun.misc.Unsafe.defineAnonymousClass(Ljava/lang/Class;[B[Ljava/lang/Object;)Ljava/lang/Class; (0 bytes) @ 0x0000000002dc753c [0x0000000002dc74c0+0x7c]
j  java.lang.invoke.InnerClassLambdaMetafactory.spinInnerClass()Ljava/lang/Class;+511
j  java.lang.invoke.InnerClassLambdaMetafactory.buildCallSite()Ljava/lang/invoke/CallSite;+1
j  java.lang.invoke.LambdaMetafactory.metafactory(Ljava/lang/invoke/MethodHandles$Lookup;Ljava/lang/String;Ljava/lang/invoke/MethodType;Ljava/lang/invoke/MethodType;Ljava/lang/invoke/MethodHandle;Ljava/lang/invoke/MethodType;)Ljava/lang/invoke/CallSite;+31
j  java.lang.invoke.LambdaForm$DMH.invokeStatic_L6_L(Ljava/lang/Object;Ljava/lang/Object;Ljava/lang/Object;Ljava/lang/Object;Ljava/lang/Object;Ljava/lang/Object;Ljava/lang/Object;)Ljava/lang/Object;+20
j  java.lang.invoke.LambdaForm$BMH.reinvoke(Ljava/lang/Object;Ljava/lang/Object;Ljava/lang/Object;Ljava/lang/Object;Ljava/lang/Object;Ljava/lang/Object;Ljava/lang/Object;)Ljava/lang/Object;+85
j  java.lang.invoke.LambdaForm$MH.invoke_MT(Ljava/lang/Object;Ljava/lang/Object;Ljava/lang/Object;Ljava/lang/Object;Ljava/lang/Object;Ljava/lang/Object;Ljava/lang/Object;Ljava/lang/Object;)Ljava/lang/Object;+30
j  java.lang.invoke.CallSite.makeSite(Ljava/lang/invoke/MethodHandle;Ljava/lang/String;Ljava/lang/invoke/MethodType;Ljava/lang/Object;Ljava/lang/Class;)Ljava/lang/invoke/CallSite;+184
j  java.lang.invoke.MethodHandleNatives.linkCallSiteImpl(Ljava/lang/Class;Ljava/lang/invoke/MethodHandle;Ljava/lang/String;Ljava/lang/invoke/MethodType;Ljava/lang/Object;[Ljava/lang/Object;)Ljava/lang/invoke/MemberName;+6
j  java.lang.invoke.MethodHandleNatives.linkCallSite(Ljava/lang/Object;Ljava/lang/Object;Ljava/lang/Object;Ljava/lang/Object;Ljava/lang/Object;[Ljava/lang/Object;)Ljava/lang/invoke/MemberName;+45
v  ~StubRoutines::call_stub
j  org.junit.jupiter.engine.descriptor.ClassTestDescriptor.invokeAfterAllCallbacks(Lorg/junit/jupiter/engine/execution/JupiterEngineExecutionContext;)V+25
j  org.junit.jupiter.engine.descriptor.ClassTestDescriptor.after(Lorg/junit/jupiter/engine/execution/JupiterEngineExecutionContext;)V+14
j  org.junit.jupiter.engine.descriptor.ClassTestDescriptor.after(Lorg/junit/platform/engine/support/hierarchical/EngineExecutionContext;)V+5
j  org.junit.platform.engine.support.hierarchical.HierarchicalTestExecutor$NodeExecutor.lambda$executeRecursively$3(Lorg/junit/platform/engine/support/hierarchical/ExecutionTracker;)V+86
j  org.junit.platform.engine.support.hierarchical.HierarchicalTestExecutor$NodeExecutor$$Lambda$112.execute()V+8
j  org.junit.platform.engine.support.hierarchical.SingleTestExecutor.executeSafely(Lorg/junit/platform/engine/support/hierarchical/SingleTestExecutor$Executable;)Lorg/junit/platform/engine/TestExecutionResult;+1
j  org.junit.platform.engine.support.hierarchical.HierarchicalTestExecutor$NodeExecutor.executeRecursively(Lorg/junit/platform/engine/support/hierarchical/ExecutionTracker;)V+27
j  org.junit.platform.engine.support.hierarchical.HierarchicalTestExecutor$NodeExecutor.execute(Lorg/junit/platform/engine/support/hierarchical/EngineExecutionContext;Lorg/junit/platform/engine/support/hierarchical/ExecutionTracker;)V+53
j  org.junit.platform.engine.support.hierarchical.HierarchicalTestExecutor$NodeExecutor.lambda$executeRecursively$2(Lorg/junit/platform/engine/support/hierarchical/ExecutionTracker;Lorg/junit/platform/engine/TestDescriptor;)V+17
j  org.junit.platform.engine.support.hierarchical.HierarchicalTestExecutor$NodeExecutor$$Lambda$115.accept(Ljava/lang/Object;)V+12
j  java.util.stream.ForEachOps$ForEachOp$OfRef.accept(Ljava/lang/Object;)V+5
j  java.util.stream.ReferencePipeline$2$1.accept(Ljava/lang/Object;)V+21
j  java.util.Iterator.forEachRemaining(Ljava/util/function/Consumer;)V+21
j  java.util.Spliterators$IteratorSpliterator.forEachRemaining(Ljava/util/function/Consumer;)V+52
j  java.util.stream.AbstractPipeline.copyInto(Ljava/util/stream/Sink;Ljava/util/Spliterator;)V+32
j  java.util.stream.AbstractPipeline.wrapAndCopyInto(Ljava/util/stream/Sink;Ljava/util/Spliterator;)Ljava/util/stream/Sink;+13
j  java.util.stream.ForEachOps$ForEachOp.evaluateSequential(Ljava/util/stream/PipelineHelper;Ljava/util/Spliterator;)Ljava/lang/Void;+3
j  java.util.stream.ForEachOps$ForEachOp$OfRef.evaluateSequential(Ljava/util/stream/PipelineHelper;Ljava/util/Spliterator;)Ljava/lang/Object;+3
j  java.util.stream.AbstractPipeline.evaluate(Ljava/util/stream/TerminalOp;)Ljava/lang/Object;+88
j  java.util.stream.ReferencePipeline.forEach(Ljava/util/function/Consumer;)V+6
j  org.junit.platform.engine.support.hierarchical.HierarchicalTestExecutor$NodeExecutor.lambda$executeRecursively$3(Lorg/junit/platform/engine/support/hierarchical/ExecutionTracker;)V+73
j  org.junit.platform.engine.support.hierarchical.HierarchicalTestExecutor$NodeExecutor$$Lambda$112.execute()V+8
j  org.junit.platform.engine.support.hierarchical.SingleTestExecutor.executeSafely(Lorg/junit/platform/engine/support/hierarchical/SingleTestExecutor$Executable;)Lorg/junit/platform/engine/TestExecutionResult;+1
j  org.junit.platform.engine.support.hierarchical.HierarchicalTestExecutor$NodeExecutor.executeRecursively(Lorg/junit/platform/engine/support/hierarchical/ExecutionTracker;)V+27
j  org.junit.platform.engine.support.hierarchical.HierarchicalTestExecutor$NodeExecutor.execute(Lorg/junit/platform/engine/support/hierarchical/EngineExecutionContext;Lorg/junit/platform/engine/support/hierarchical/ExecutionTracker;)V+53
j  org.junit.platform.engine.support.hierarchical.HierarchicalTestExecutor.execute()V+23
j  org.junit.platform.engine.support.hierarchical.HierarchicalTestEngine.execute(Lorg/junit/platform/engine/ExecutionRequest;)V+13
j  org.junit.platform.launcher.core.DefaultLauncher.execute(Lorg/junit/platform/engine/TestEngine;Lorg/junit/platform/engine/ExecutionRequest;)V+2
j  org.junit.platform.launcher.core.DefaultLauncher.execute(Lorg/junit/platform/launcher/core/Root;Lorg/junit/platform/engine/ConfigurationParameters;[Lorg/junit/platform/launcher/TestExecutionListener;)V+101
j  org.junit.platform.launcher.core.DefaultLauncher.execute(Lorg/junit/platform/launcher/LauncherDiscoveryRequest;[Lorg/junit/platform/launcher/TestExecutionListener;)V+36
j  com.intellij.junit5.JUnit5IdeaTestRunner.startRunnerWithArgs([Ljava/lang/String;Ljava/lang/String;IZ)I+240
j  com.intellij.rt.execution.junit.IdeaTestRunner$Repeater.startRunnerWithArgs(Lcom/intellij/rt/execution/junit/IdeaTestRunner;[Ljava/lang/String;Ljava/util/ArrayList;Ljava/lang/String;IZ)I+22
j  com.intellij.rt.execution.junit.JUnitStarter.prepareStreamsAndStart([Ljava/lang/String;Ljava/lang/String;Ljava/util/ArrayList;Ljava/lang/String;)I+116
j  com.intellij.rt.execution.junit.JUnitStarter.main([Ljava/lang/String;)V+116
v  ~StubRoutines::call_stub

---------------  P R O C E S S  ---------------

Java Threads: ( => current thread )
  0x000000001d685800 JavaThread "Service Thread" daemon [_thread_blocked, id=10808, stack(0x000000001dfb0000,0x000000001e0b0000)]
  0x000000001d630000 JavaThread "C1 CompilerThread2" daemon [_thread_blocked, id=8840, stack(0x000000001deb0000,0x000000001dfb0000)]
  0x000000001d5d6800 JavaThread "C2 CompilerThread1" daemon [_thread_blocked, id=17844, stack(0x000000001ddb0000,0x000000001deb0000)]
  0x000000001d5d4000 JavaThread "C2 CompilerThread0" daemon [_thread_blocked, id=15840, stack(0x000000001dcb0000,0x000000001ddb0000)]
  0x000000001d5d2000 JavaThread "Monitor Ctrl-Break" daemon [_thread_in_native, id=12460, stack(0x000000001dbb0000,0x000000001dcb0000)]
  0x000000001c19d800 JavaThread "Attach Listener" daemon [_thread_blocked, id=16084, stack(0x000000001dab0000,0x000000001dbb0000)]
  0x000000001c14f800 JavaThread "Signal Dispatcher" daemon [_thread_blocked, id=19028, stack(0x000000001d9b0000,0x000000001dab0000)]
  0x0000000002b2d800 JavaThread "Finalizer" daemon [_thread_blocked, id=17936, stack(0x000000001d3b0000,0x000000001d4b0000)]
  0x0000000002b22000 JavaThread "Reference Handler" daemon [_thread_blocked, id=17400, stack(0x000000001d2b0000,0x000000001d3b0000)]
=>0x000000000266e800 JavaThread "main" [_thread_in_vm, id=15584, stack(0x0000000000c20000,0x0000000000d20000)]

Other Threads:
  0x000000001c108000 VMThread [stack: 0x000000001d1b0000,0x000000001d2b0000] [id=11700]
  0x000000001d6ae000 WatcherThread [stack: 0x000000001e0b0000,0x000000001e1b0000] [id=15000]

VM state:not at safepoint (normal execution)

VM Mutex/Monitor currently owned by a thread: None

Heap:
 PSYoungGen      total 76288K, used 19698K [0x000000076b180000, 0x0000000770680000, 0x00000007c0000000)
  eden space 65536K, 30% used [0x000000076b180000,0x000000076c4bc850,0x000000076f180000)
  from space 10752K, 0% used [0x000000076fc00000,0x000000076fc00000,0x0000000770680000)
  to   space 10752K, 0% used [0x000000076f180000,0x000000076f180000,0x000000076fc00000)
 ParOldGen       total 175104K, used 0K [0x00000006c1400000, 0x00000006cbf00000, 0x000000076b180000)
  object space 175104K, 0% used [0x00000006c1400000,0x00000006c1400000,0x00000006cbf00000)
 Metaspace       used 7145K, capacity 7736K, committed 8064K, reserved 1056768K
  class space    used 914K, capacity 1059K, committed 1152K, reserved 1048576K

Card table byte_map: [0x0000000011ef0000,0x00000000126f0000] byte_map_base: 0x000000000e8e6000

Marking Bits: (ParMarkBitMap*) 0x0000000060bda6c0
 Begin Bits: [0x0000000013040000, 0x0000000016ff0000)
 End Bits:   [0x0000000016ff0000, 0x000000001afa0000)

Polling page: 0x00000000009d0000

CodeCache: size=245760Kb used=2802Kb max_used=2813Kb free=242957Kb
 bounds [0x0000000002b30000, 0x0000000002e00000, 0x0000000011b30000]
 total_blobs=1049 nmethods=755 adapters=207
 compilation: enabled

Compilation events (10 events):
Event: 29.751 Thread 0x000000001d630000 nmethod 749 0x0000000002deaf50 code [0x0000000002deb0c0, 0x0000000002deb308]
Event: 29.752 Thread 0x000000001d5d6800  750       4       com.intellij.rt.execution.junit.MapSerializerUtil$1::escape (124 bytes)
Event: 29.753 Thread 0x000000001d5d6800 nmethod 750 0x0000000002dee150 code [0x0000000002dee280, 0x0000000002dee3b8]
Event: 29.755 Thread 0x000000001d630000  751       1       com.intellij.rt.execution.junit.MapSerializerUtil$1::escapeCharacter (3 bytes)
Event: 29.755 Thread 0x000000001d630000 nmethod 751 0x0000000002dede90 code [0x0000000002dedfe0, 0x0000000002dee0f0]
Event: 29.788 Thread 0x000000001d630000  754   !   3       java.lang.Class::getSimpleBinaryName (38 bytes)
Event: 29.789 Thread 0x000000001d5d4000  755       4       java.util.HashMap::getNode (148 bytes)
Event: 29.789 Thread 0x000000001d630000 nmethod 754 0x0000000002ded190 code [0x0000000002ded360, 0x0000000002dedb48]
Event: 29.789 Thread 0x000000001d630000  753       3       jdk.internal.org.objectweb.asm.ClassWriter::addType (103 bytes)
Event: 29.790 Thread 0x000000001d630000 nmethod 753 0x0000000002dec750 code [0x0000000002dec900, 0x0000000002decf48]

GC Heap History (0 events):
No events

Deoptimization events (0 events):
No events

Internal exceptions (10 events):
Event: 0.391 Thread 0x000000000266e800 Exception <a 'java/security/PrivilegedActionException'> (0x000000076b815c38) thrown at [C:\re\workspace\8-2-build-windows-amd64-cygwin\jdk8u102\7268\hotspot\src\share\vm\prims\jvm.cpp, line 1386]
Event: 0.492 Thread 0x000000000266e800 Exception <a 'java/lang/NoSuchMethodError': java.lang.Object.lambda$or$2(Ljava/util/function/Predicate;Ljava/lang/Object;)Z> (0x000000076b9ca0e8) thrown at [C:\re\workspace\8-2-build-windows-amd64-cygwin\jdk8u102\7268\hotspot\src\share\vm\interpreter\linkRì#¯:È·?
Event: 0.560 Thread 0x000000000266e800 Exception <a 'java/lang/IncompatibleClassChangeError': Found class java.lang.Object, but interface was expected> (0x000000076bb55bf0) thrown at [C:\re\workspace\8-2-build-windows-amd64-cygwin\jdk8u102\7268\hotspot\src\share\vm\interpreter\linkResolver.cpp,
Event: 0.607 Thread 0x000000000266e800 Exception <a 'java/lang/NoSuchMethodError': java.lang.Object.lambda$andThen$1(Ljava/util/function/Function;Ljava/lang/Object;)Ljava/lang/Object;> (0x000000076bc94618) thrown at [C:\re\workspace\8-2-build-windows-amd64-cygwin\jdk8u102\7268\hotspot\src\shareÔ˙q†,a‰?
Event: 0.637 Thread 0x000000000266e800 Exception <a 'java/lang/NoSuchMethodError': java.lang.Object.lambda$accept$0(Lorg/junit/platform/engine/TestDescriptor$Visitor;Lorg/junit/platform/engine/TestDescriptor;)V> (0x000000076bd3ea68) thrown at [C:\re\workspace\8-2-build-windows-amd64-cygwin\jdk8e~$€Øq‰?
Event: 0.639 Thread 0x000000000266e800 Exception <a 'java/lang/IncompatibleClassChangeError': Found class java.lang.Object, but interface was expected> (0x000000076bd4d740) thrown at [C:\re\workspace\8-2-build-windows-amd64-cygwin\jdk8u102\7268\hotspot\src\share\vm\interpreter\linkResolver.cpp,Œ∫êXú{‰?
Event: 0.640 Thread 0x000000000266e800 Exception <a 'java/lang/NoSuchMethodError': java.lang.Object.containsTests(Lorg/junit/platform/engine/TestDescriptor;)Z> (0x000000076bd53e28) thrown at [C:\re\workspace\8-2-build-windows-amd64-cygwin\jdk8u102\7268\hotspot\src\share\vm\interpreter\linkResolﬂ).ÿWËÁ?
Event: 0.747 Thread 0x000000000266e800 Exception <a 'java/lang/NoSuchMethodError': java.lang.Object.lambda$and$0(Ljava/util/function/Predicate;Ljava/lang/Object;)Z> (0x000000076bf6f2a0) thrown at [C:\re\workspace\8-2-build-windows-amd64-cygwin\jdk8u102\7268\hotspot\src\share\vm\interpreter\link<§ —∫=@
Event: 29.730 Thread 0x000000000266e800 Exception <a 'java/io/IOException': CreateProcess error=1455, The paging file is too small for this operation to complete> (0x000000076c3698c0) thrown at [C:\re\workspace\8-2-build-windows-amd64-cygwin\jdk8u102\7268\hotspot\src\share\vm\prims\jni.cpp, lineºß!·∫=@
Event: 29.730 Thread 0x000000000266e800 Exception <a 'java/lang/reflect/InvocationTargetException'> (0x000000076c36aa28) thrown at [C:\re\workspace\8-2-build-windows-amd64-cygwin\jdk8u102\7268\hotspot\src\share\vm\runtime\reflection.cpp, line 1092]

Events (10 events):
Event: 29.788 loading class org/junit/jupiter/engine/execution/ThrowableCollector
Event: 29.788 loading class org/junit/jupiter/engine/execution/ThrowableCollector done
Event: 29.789 loading class org/junit/jupiter/api/extension/AfterAllCallback
Event: 29.789 loading class org/junit/jupiter/api/extension/AfterAllCallback done
Event: 29.789 loading class org/junit/jupiter/engine/execution/ThrowableCollector
Event: 29.789 loading class org/junit/jupiter/engine/execution/ThrowableCollector done
Event: 29.790 loading class org/junit/jupiter/api/extension/AfterAllCallback
Event: 29.790 loading class org/junit/jupiter/api/extension/AfterAllCallback done
Event: 29.790 loading class org/junit/jupiter/engine/execution/ThrowableCollector
Event: 29.790 loading class org/junit/jupiter/engine/execution/ThrowableCollector done


Dynamic libraries:
0x00007ff651d00000 - 0x00007ff651d37000 	D:\Program Files\Java\jdk1.8.0_102\bin\java.exe
0x00007ffd56260000 - 0x00007ffd5644b000 	C:\WINDOWS\SYSTEM32\ntdll.dll
0x00007ffd537e0000 - 0x00007ffd53893000 	C:\WINDOWS\System32\KERNEL32.DLL
0x00007ffd52660000 - 0x00007ffd528f2000 	C:\WINDOWS\System32\KERNELBASE.dll
0x00007ffd55a10000 - 0x00007ffd55ab5000 	C:\WINDOWS\System32\ADVAPI32.dll
0x00007ffd55ec0000 - 0x00007ffd55f5e000 	C:\WINDOWS\System32\msvcrt.dll
0x00007ffd55da0000 - 0x00007ffd55e3e000 	C:\WINDOWS\System32\sechost.dll
0x00007ffd558e0000 - 0x00007ffd55a02000 	C:\WINDOWS\System32\RPCRT4.dll
0x00007ffd56090000 - 0x00007ffd56227000 	C:\WINDOWS\System32\USER32.dll
0x00007ffd52400000 - 0x00007ffd52420000 	C:\WINDOWS\System32\win32u.dll
0x00007ffd54060000 - 0x00007ffd54089000 	C:\WINDOWS\System32\GDI32.dll
0x00007ffd530a0000 - 0x00007ffd5323a000 	C:\WINDOWS\System32\gdi32full.dll
0x00007ffd53240000 - 0x00007ffd532e0000 	C:\WINDOWS\System32\msvcp_win.dll
0x00007ffd532e0000 - 0x00007ffd533da000 	C:\WINDOWS\System32\ucrtbase.dll
0x00007ffd43d20000 - 0x00007ffd43f9a000 	C:\WINDOWS\WinSxS\amd64_microsoft.windows.common-controls_6595b64144ccf1df_6.0.17744.1003_none_df3ec20f6bca9ee1\COMCTL32.dll
0x00007ffd53d30000 - 0x00007ffd54058000 	C:\WINDOWS\System32\combase.dll
0x00007ffd52330000 - 0x00007ffd523ae000 	C:\WINDOWS\System32\bcryptPrimitives.dll
0x00007ffd54290000 - 0x00007ffd542be000 	C:\WINDOWS\System32\IMM32.DLL
0x0000000060c60000 - 0x0000000060d31000 	D:\Program Files\Java\jdk1.8.0_102\jre\bin\msvcr100.dll
0x00000000603c0000 - 0x0000000060c5a000 	D:\Program Files\Java\jdk1.8.0_102\jre\bin\server\jvm.dll
0x00007ffd53d20000 - 0x00007ffd53d28000 	C:\WINDOWS\System32\PSAPI.DLL
0x00007ffd4a800000 - 0x00007ffd4a809000 	C:\WINDOWS\SYSTEM32\WSOCK32.dll
0x00007ffd54320000 - 0x00007ffd5438e000 	C:\WINDOWS\System32\WS2_32.dll
0x00007ffd4edd0000 - 0x00007ffd4edf4000 	C:\WINDOWS\SYSTEM32\WINMM.dll
0x00007ffd45e20000 - 0x00007ffd45e2a000 	C:\WINDOWS\SYSTEM32\VERSION.dll
0x00007ffd4eda0000 - 0x00007ffd4edcd000 	C:\WINDOWS\SYSTEM32\WINMMBASE.dll
0x00007ffd52900000 - 0x00007ffd5294b000 	C:\WINDOWS\System32\cfgmgr32.dll
0x00000000603b0000 - 0x00000000603bf000 	D:\Program Files\Java\jdk1.8.0_102\jre\bin\verify.dll
0x00000000602a0000 - 0x00000000602c9000 	D:\Program Files\Java\jdk1.8.0_102\jre\bin\java.dll
0x0000000060250000 - 0x0000000060273000 	D:\Program Files\Java\jdk1.8.0_102\jre\bin\instrument.dll
0x0000000060280000 - 0x0000000060296000 	D:\Program Files\Java\jdk1.8.0_102\jre\bin\zip.dll
0x00007ffd54390000 - 0x00007ffd5587c000 	C:\WINDOWS\System32\SHELL32.dll
0x00007ffd53490000 - 0x00007ffd53538000 	C:\WINDOWS\System32\shcore.dll
0x00007ffd52950000 - 0x00007ffd53095000 	C:\WINDOWS\System32\windows.storage.dll
0x00007ffd52280000 - 0x00007ffd522a4000 	C:\WINDOWS\System32\profapi.dll
0x00007ffd522b0000 - 0x00007ffd5230d000 	C:\WINDOWS\System32\powrprof.dll
0x00007ffd536c0000 - 0x00007ffd53712000 	C:\WINDOWS\System32\shlwapi.dll
0x00007ffd52310000 - 0x00007ffd52321000 	C:\WINDOWS\System32\kernel.appcore.dll
0x00007ffd523b0000 - 0x00007ffd523c7000 	C:\WINDOWS\System32\cryptsp.dll
0x00007ffd4a860000 - 0x00007ffd4a87a000 	F:\Program Files\JetBrains\IntelliJ IDEA Community Edition 181.3870.7\bin\breakgen64.dll
0x0000000060230000 - 0x000000006024a000 	D:\Program Files\Java\jdk1.8.0_102\jre\bin\net.dll
0x00007ffd51af0000 - 0x00007ffd51b57000 	C:\WINDOWS\system32\mswsock.dll

VM Arguments:
jvm_args: -ea -Didea.test.cyclic.buffer.size=1048576 -javaagent:F:\Program Files\JetBrains\IntelliJ IDEA Community Edition 181.3870.7\lib\idea_rt.jar=6853:F:\Program Files\JetBrains\IntelliJ IDEA Community Edition 181.3870.7\bin -Dfile.encoding=UTF-8 
java_command: com.intellij.rt.execution.junit.JUnitStarter -ideVersion5 -junit5 os30.OS30Utils,testMakeFile
java_class_path (initial): F:\Program Files\JetBrains\IntelliJ IDEA Community Edition 181.3870.7\lib\idea_rt.jar;F:\Program Files\JetBrains\IntelliJ IDEA Community Edition 181.3870.7\plugins\junit\lib\junit-rt.jar;F:\Program Files\JetBrains\IntelliJ IDEA Community Edition 181.3870.7\plugins\junit\lib\junit5-rt.jar;C:\Users\siege\.m2\repository\org\junit\platform\junit-platform-launcher\1.1.0\junit-platform-launcher-1.1.0.jar;C:\Users\siege\.m2\repository\org\apiguardian\apiguardian-api\1.0.0\apiguardian-api-1.0.0.jar;C:\Users\siege\.m2\repository\org\junit\platform\junit-platform-engine\1.1.0\junit-platform-engine-1.1.0.jar;C:\Users\siege\.m2\repository\org\junit\platform\junit-platform-commons\1.1.0\junit-platform-commons-1.1.0.jar;C:\Users\siege\.m2\repository\org\opentest4j\opentest4j\1.0.0\opentest4j-1.0.0.jar;C:\Users\siege\.m2\repository\org\junit\jupiter\junit-jupiter-engine\5.1.0\junit-jupiter-engine-5.1.0.jar;C:\Users\siege\.m2\repository\org\junit\jupiter\junit-jupiter-api\5.1.0\junit-jupiter-api-5.1.0.jar;D:\Program Files\Java\jdk1.8.0_102\jre\lib\charsets.jar;D:\Program Files\Java\jdk1.8.0_102\jre\lib\deploy.jar;D:\Program Files\Java\jdk1.8.0_102\jre\lib\ext\access-bridge-64.jar;D:\Program Files\Java\jdk1.8.0_102\jre\lib\ext\cldrdata.jar;D:\Program Files\Java\jdk1.8.0_102\jre\lib\ext\dnsns.jar;D:\Program Files\Java\jdk1.8.0_102\jre\lib\ext\jaccess.jar;D:\Program Files\Java\jdk1.8.0_102\jre\lib\ext\jfxrt.jar;D:\Program Files\Java\jdk1.8.0_102\jre\lib\ext\localedata.jar;D:\Program Files\Java\jdk1.8.0_102\jre\lib\ext\nashorn.jar;D:\Program Files\Java\jdk1.8.0_102\jre\lib\ext\sunec.jar;D:\Program Files\Java\jdk1.8.0_102\jre\lib\ext\sunjce_provider.jar;D:\Program Files\Java\jdk1.8.0_102\jre\lib\ext\sunmscapi.jar;D:\Program Files\Java\jdk1.8.0_102\jre\lib\ext\sunpkcs11.jar;D:\Program Files\Java\jdk1.8.0_102\jre\lib\ext\zipfs.jar;D:\Program Files\Java\jdk1.8.0_102\jre\lib\javaws.jar;D:\Program Files\Java\jdk1.8.0_102\jre\lib\jce.jar;D:\Program Files\Java\jdk1
Launcher Type: SUN_STANDARD

Environment Variables:
JAVA_HOME=D:\Program Files\Java\jdk1.8.0_102
PATH=C:\WINDOWS\SYSTEM32;C:\WINDOWS;C:\WINDOWS\SYSTEM32\WBEM;C:\WINDOWS\SYSTEM32\WINDOWSPOWERSHELL\V1.0\;F:\Program Files\Ruby23-x64\BIN;D:\Program Files\Java\jdk1.8.0_102\BIN;D:\Program Files\apache-maven-3.3.9\BIN;F:\Program Files\apache-ant-1.9.8\BIN;C:\PROGRAM FILES\MICROSOFT SQL SERVER\130\TOOLS\BINN\;C:\Program Files\Lenovo\Bluetooth Software\;C:\Program Files\Lenovo\Bluetooth Software\syswow64;C:\WINDOWS\system32;C:\WINDOWS;C:\WINDOWS\System32\Wbem;C:\WINDOWS\System32\WindowsPowerShell\v1.0\;F:\Program Files\TortoiseHg\;C:\WINDOWS\System32\OpenSSH\;F:\Program Files\gradle-4.10\bin;C:\Users\siege\AppData\Local\Microsoft\WindowsApps;
USERNAME=siege
OS=Windows_NT
PROCESSOR_IDENTIFIER=Intel64 Family 6 Model 61 Stepping 4, GenuineIntel



---------------  S Y S T E M  ---------------

OS: Windows 10.0 , 64 bit Build 17744 (10.0.17744.1001)

CPU:total 4 (2 cores per cpu, 2 threads per core) family 6 model 61 stepping 4, cmov, cx8, fxsr, mmx, sse, sse2, sse3, ssse3, sse4.1, sse4.2, popcnt, avx, avx2, aes, clmul, erms, 3dnowpref, lzcnt, ht, tsc, tscinvbit, bmi1, bmi2, adx

Memory: 4k page, physical 16692448k(4747020k free), swap 17511648k(1064k free)

vm_info: Java HotSpot(TM) 64-Bit Server VM (25.102-b14) for windows-amd64 JRE (1.8.0_102-b14), built on Jun 22 2016 13:15:21 by "java_re" with MS VC++ 10.0 (VS2010)

time: Sat Sep 08 20:27:49 2018
elapsed time: 29 seconds (0d 0h 0m 29s)

